<?xml version="1.0" encoding="UTF-8"?>
<!-- Generated by org.testng.reporters.JUnitReportReporter -->
<testsuite skipped="0" hostname="Balaji" name="com.manipal.test.BaseTest" tests="1" failures="0" timestamp="26 Oct 2018 01:10:30 GMT" time="0.021" errors="0">
  <testcase name="test" time="0.021" classname="com.manipal.test.BaseTest"/>
</testsuite> <!-- com.manipal.test.BaseTest -->
